<?xml version="1.0" encoding="UTF-8"?>
<!-- Generated by org.testng.reporters.JUnitReportReporter -->
<testsuite hostname="LAPTOP-N6AMDSDJ" failures="0" tests="1" name="testCases.TC_002_LoginTest" time="1.214" errors="0" timestamp="2024-07-22T12:42:41 IST" skipped="0">
  <testcase classname="testCases.TC_002_LoginTest" name="verify_login" time="1.214"/>
</testsuite> <!-- testCases.TC_002_LoginTest -->
