<?xml version="1.0" encoding="UTF-8"?>
<!-- Generated by org.testng.reporters.JUnitReportReporter -->
<testsuite hostname="LAPTOP-N6AMDSDJ" failures="0" tests="1" name="testCases.TC_001_AccountRegistrationTest" time="1.471" errors="0" timestamp="2024-07-22T12:42:41 IST" skipped="0">
  <testcase classname="testCases.TC_001_AccountRegistrationTest" name="Verify_Account_Registration" time="1.471"/>
</testsuite> <!-- testCases.TC_001_AccountRegistrationTest -->
